<?xml version="1.0" encoding="UTF-8"?>
<testng-results ignored="0" total="2" passed="2" failed="0" skipped="0">
  <reporter-output>
    <line>
      <![CDATA[hate u]]>
    </line>
    <line>
      <![CDATA[love u]]>
    </line>
  </reporter-output>
  <suite started-at="2023-01-10T16:06:06 IST" name="Suite" finished-at="2023-01-10T16:06:06 IST" duration-ms="29">
    <groups>
    </groups>
    <test started-at="2023-01-10T16:06:06 IST" name="Test" finished-at="2023-01-10T16:06:06 IST" duration-ms="29">
      <class name="jenkins1.tc2">
        <test-method signature="m2()[pri:0, instance:jenkins1.tc2@32910148]" started-at="2023-01-10T16:06:06 IST" name="m2" finished-at="2023-01-10T16:06:06 IST" duration-ms="5" status="PASS">
          <reporter-output>
            <line>
              <![CDATA[hate u]]>
            </line>
          </reporter-output>
        </test-method> <!-- m2 -->
      </class> <!-- jenkins1.tc2 -->
      <class name="jenkins1.tc1">
        <test-method signature="m1()[pri:0, instance:jenkins1.tc1@3cc1435c]" started-at="2023-01-10T16:06:06 IST" name="m1" finished-at="2023-01-10T16:06:06 IST" duration-ms="0" status="PASS">
          <reporter-output>
            <line>
              <![CDATA[love u]]>
            </line>
          </reporter-output>
        </test-method> <!-- m1 -->
      </class> <!-- jenkins1.tc1 -->
    </test> <!-- Test -->
  </suite> <!-- Suite -->
</testng-results>
